<?xml version="1.0" encoding="UTF-8"?>
<testsuite xmlns:xsi="http://www.w3.org/2001/XMLSchema-instance" xsi:noNamespaceSchemaLocation="https://maven.apache.org/surefire/maven-surefire-plugin/xsd/surefire-test-report-3.0.xsd" version="3.0" name="com.Castro.cmsApp.CmsAppApplicationTests" time="10.279" tests="2" errors="0" skipped="0" failures="0">
  <properties>
[...]
</properties>
  <testcase name="testMainMethod" classname="com.Castro.cmsApp.CmsAppApplicationTests" time="5.636">
    <system-out><![CDATA[2023-06-30T14:02:37.619+02:00  INFO 34596 --- [           main] t.c.s.AnnotationConfigContextLoaderUtils : Could not detect default configuration classes for test class [com.Castro.cmsApp.CmsAppApplicationTests]: CmsAppApplicationTests does not declare any static, non-private, non-final, nested classes annotated with @Configuration.
2023-06-30T14:02:37.647+02:00  INFO 34596 --- [           main] .b.t.c.SpringBootTestContextBootstrapper : Found @SpringBootConfiguration com.Castro.cmsApp.CmsAppApplication for test class com.Castro.cmsApp.CmsAppApplicationTests

  .   ____          _            __ _ _
 /\\ / ___'_ __ _ _(_)_ __  __ _ \ \ \ \
( ( )\___ | '_ | '_| | '_ \/ _` | \ \ \ \
 \\/  ___)| |_)| | | | | || (_| |  ) ) ) )
  '  |____| .__|_| |_|_| |_\__, | / / / /
 =========|_|==============|___/=/_/_/_/
 :: Spring Boot ::                (v3.1.0)

2023-06-30T14:02:37.782+02:00  INFO 34596 --- [           main] c.Castro.cmsApp.CmsAppApplicationTests   : Starting CmsAppApplicationTests using Java 20.0.1 with PID 34596 (started by adria in C:\Users\adria\root\java\cms)
2023-06-30T14:02:37.783+02:00  INFO 34596 --- [           main] c.Castro.cmsApp.CmsAppApplicationTests   : No active profile set, falling back to 1 default profile: "default"
2023-06-30T14:02:38.620+02:00  INFO 34596 --- [           main] .s.d.r.c.RepositoryConfigurationDelegate : Bootstrapping Spring Data JPA repositories in DEFAULT mode.
2023-06-30T14:02:38.831+02:00  INFO 34596 --- [           main] .s.d.r.c.RepositoryConfigurationDelegate : Finished Spring Data repository scanning in 209 ms. Found 28 JPA repository interfaces.
2023-06-30T14:02:39.267+02:00  INFO 34596 --- [           main] o.hibernate.jpa.internal.util.LogHelper  : HHH000204: Processing PersistenceUnitInfo [name: default]
2023-06-30T14:02:39.276+02:00  WARN 34596 --- [           main] org.hibernate.orm.deprecation            : HHH90000021: Encountered deprecated setting [javax.persistence.sharedCache.mode], use [jakarta.persistence.sharedCache.mode] instead
2023-06-30T14:02:39.292+02:00  INFO 34596 --- [           main] com.zaxxer.hikari.HikariDataSource       : HikariPool-2 - Starting...
2023-06-30T14:02:39.322+02:00  INFO 34596 --- [           main] com.zaxxer.hikari.pool.HikariPool        : HikariPool-2 - Added connection com.mysql.cj.jdbc.ConnectionImpl@10c405d
2023-06-30T14:02:39.323+02:00  INFO 34596 --- [           main] com.zaxxer.hikari.HikariDataSource       : HikariPool-2 - Start completed.
2023-06-30T14:02:39.326+02:00  INFO 34596 --- [           main] SQL dialect                              : HHH000400: Using dialect: org.hibernate.dialect.MySQLDialect
2023-06-30T14:02:40.720+02:00  INFO 34596 --- [           main] o.h.e.t.j.p.i.JtaPlatformInitiator       : HHH000490: Using JtaPlatform implementation: [org.hibernate.engine.transaction.jta.platform.internal.NoJtaPlatform]
2023-06-30T14:02:40.720+02:00  INFO 34596 --- [           main] j.LocalContainerEntityManagerFactoryBean : Initialized JPA EntityManagerFactory for persistence unit 'default'
2023-06-30T14:02:41.726+02:00  WARN 34596 --- [           main] JpaBaseConfiguration$JpaWebConfiguration : spring.jpa.open-in-view is enabled by default. Therefore, database queries may be performed during view rendering. Explicitly configure spring.jpa.open-in-view to disable this warning
2023-06-30T14:02:41.782+02:00  INFO 34596 --- [           main] o.s.s.web.DefaultSecurityFilterChain     : Will secure any request with [org.springframework.security.web.session.DisableEncodeUrlFilter@1e1c7461, org.springframework.security.web.context.request.async.WebAsyncManagerIntegrationFilter@60410fb3, org.springframework.security.web.context.SecurityContextHolderFilter@5904c3dc, org.springframework.security.web.header.HeaderWriterFilter@2c3755c5, org.springframework.security.web.csrf.CsrfFilter@4c49f1bc, org.springframework.security.web.authentication.logout.LogoutFilter@5096bd0c, org.springframework.security.web.authentication.www.BasicAuthenticationFilter@7b07d8d0, org.springframework.security.web.savedrequest.RequestCacheAwareFilter@5ac30d51, org.springframework.security.web.servletapi.SecurityContextHolderAwareRequestFilter@39fc629a, org.springframework.security.web.authentication.AnonymousAuthenticationFilter@56a57a3d, org.springframework.security.web.access.ExceptionTranslationFilter@85d703b, org.springframework.security.web.access.intercept.AuthorizationFilter@48cfd3bd]
2023-06-30T14:02:41.986+02:00  INFO 34596 --- [           main] o.s.b.a.w.s.WelcomePageHandlerMapping    : Adding welcome page template: index
2023-06-30T14:02:42.205+02:00  INFO 34596 --- [           main] c.Castro.cmsApp.CmsAppApplicationTests   : Started CmsAppApplicationTests in 4.531 seconds (process running for 42.203)

  .   ____          _            __ _ _
 /\\ / ___'_ __ _ _(_)_ __  __ _ \ \ \ \
( ( )\___ | '_ | '_| | '_ \/ _` | \ \ \ \
 \\/  ___)| |_)| | | | | || (_| |  ) ) ) )
  '  |____| .__|_| |_|_| |_\__, | / / / /
 =========|_|==============|___/=/_/_/_/
 :: Spring Boot ::                (v3.1.0)

2023-06-30T14:02:42.499+02:00  INFO 34596 --- [           main] com.Castro.cmsApp.CmsAppApplication      : Starting CmsAppApplication using Java 20.0.1 with PID 34596 (started by adria in C:\Users\adria\root\java\cms)
2023-06-30T14:02:42.500+02:00  INFO 34596 --- [           main] com.Castro.cmsApp.CmsAppApplication      : No active profile set, falling back to 1 default profile: "default"
2023-06-30T14:02:43.434+02:00  INFO 34596 --- [           main] .s.d.r.c.RepositoryConfigurationDelegate : Bootstrapping Spring Data JPA repositories in DEFAULT mode.
2023-06-30T14:02:43.572+02:00  INFO 34596 --- [           main] .s.d.r.c.RepositoryConfigurationDelegate : Finished Spring Data repository scanning in 136 ms. Found 28 JPA repository interfaces.
2023-06-30T14:02:44.095+02:00  INFO 34596 --- [           main] o.s.b.w.embedded.tomcat.TomcatWebServer  : Tomcat initialized with port(s): 8080 (http)
2023-06-30T14:02:44.143+02:00  INFO 34596 --- [           main] o.apache.catalina.core.StandardService   : Starting service [Tomcat]
2023-06-30T14:02:44.144+02:00  INFO 34596 --- [           main] o.apache.catalina.core.StandardEngine    : Starting Servlet engine: [Apache Tomcat/10.1.8]
2023-06-30T14:02:44.551+02:00  INFO 34596 --- [           main] o.a.c.c.C.[Tomcat].[localhost].[/]       : Initializing Spring embedded WebApplicationContext
2023-06-30T14:02:44.552+02:00  INFO 34596 --- [           main] w.s.c.ServletWebServerApplicationContext : Root WebApplicationContext: initialization completed in 2048 ms
2023-06-30T14:02:44.886+02:00  INFO 34596 --- [           main] o.hibernate.jpa.internal.util.LogHelper  : HHH000204: Processing PersistenceUnitInfo [name: default]
2023-06-30T14:02:44.893+02:00  WARN 34596 --- [           main] org.hibernate.orm.deprecation            : HHH90000021: Encountered deprecated setting [javax.persistence.sharedCache.mode], use [jakarta.persistence.sharedCache.mode] instead
2023-06-30T14:02:44.907+02:00  INFO 34596 --- [           main] com.zaxxer.hikari.HikariDataSource       : HikariPool-3 - Starting...
2023-06-30T14:02:44.939+02:00  INFO 34596 --- [           main] com.zaxxer.hikari.pool.HikariPool        : HikariPool-3 - Added connection com.mysql.cj.jdbc.ConnectionImpl@5a2c0f21
2023-06-30T14:02:44.940+02:00  INFO 34596 --- [           main] com.zaxxer.hikari.HikariDataSource       : HikariPool-3 - Start completed.
2023-06-30T14:02:44.942+02:00  INFO 34596 --- [           main] SQL dialect                              : HHH000400: Using dialect: org.hibernate.dialect.MySQLDialect
2023-06-30T14:02:46.604+02:00  INFO 34596 --- [           main] o.h.e.t.j.p.i.JtaPlatformInitiator       : HHH000490: Using JtaPlatform implementation: [org.hibernate.engine.transaction.jta.platform.internal.NoJtaPlatform]
2023-06-30T14:02:46.605+02:00  INFO 34596 --- [           main] j.LocalContainerEntityManagerFactoryBean : Initialized JPA EntityManagerFactory for persistence unit 'default'
2023-06-30T14:02:47.337+02:00  WARN 34596 --- [           main] JpaBaseConfiguration$JpaWebConfiguration : spring.jpa.open-in-view is enabled by default. Therefore, database queries may be performed during view rendering. Explicitly configure spring.jpa.open-in-view to disable this warning
2023-06-30T14:02:47.362+02:00  INFO 34596 --- [           main] o.s.s.web.DefaultSecurityFilterChain     : Will secure any request with [org.springframework.security.web.session.DisableEncodeUrlFilter@420d7cfa, org.springframework.security.web.context.request.async.WebAsyncManagerIntegrationFilter@75f1d73e, org.springframework.security.web.context.SecurityContextHolderFilter@c76f12, org.springframework.security.web.header.HeaderWriterFilter@43f9ff09, org.springframework.security.web.csrf.CsrfFilter@56989d83, org.springframework.security.web.authentication.logout.LogoutFilter@6d07b22f, org.springframework.security.web.authentication.www.BasicAuthenticationFilter@12cb2246, org.springframework.security.web.savedrequest.RequestCacheAwareFilter@12a18e0c, org.springframework.security.web.servletapi.SecurityContextHolderAwareRequestFilter@5a8e55ed, org.springframework.security.web.authentication.AnonymousAuthenticationFilter@2271bc76, org.springframework.security.web.access.ExceptionTranslationFilter@5753f69b, org.springframework.security.web.access.intercept.AuthorizationFilter@5b4182d4]
2023-06-30T14:02:47.559+02:00  INFO 34596 --- [           main] o.s.b.a.w.s.WelcomePageHandlerMapping    : Adding welcome page template: index
2023-06-30T14:02:47.788+02:00  INFO 34596 --- [           main] o.s.b.w.embedded.tomcat.TomcatWebServer  : Tomcat started on port(s): 8080 (http) with context path ''
2023-06-30T14:02:47.796+02:00  INFO 34596 --- [           main] com.Castro.cmsApp.CmsAppApplication      : Started CmsAppApplication in 5.393 seconds (process running for 47.794)
]]></system-out>
  </testcase>
  <testcase name="testAuditorAware" classname="com.Castro.cmsApp.CmsAppApplicationTests" time="0.025"/>
</testsuite>